{
  "timestamp": "2025-11-08T02:01:07Z",
  "rows": [
    {
      "repo": "https://github.com/psf/requests.git",
      "files": 120,
      "if_detections": 54,
      "if_duration_sec": 0.697,
      "trufflehog_detections": null,
      "trufflehog_duration_sec": null,
      "trufflehog_note": "trufflehog not installed"
    },
    {
      "repo": "https://github.com/pallets/flask.git",
      "files": 229,
      "if_detections": 19,
      "if_duration_sec": 0.312,
      "trufflehog_detections": null,
      "trufflehog_duration_sec": null,
      "trufflehog_note": "trufflehog not installed"
    },
    {
      "repo": "https://github.com/pallets/click.git",
      "files": 141,
      "if_detections": 5,
      "if_duration_sec": 0.268,
      "trufflehog_detections": null,
      "trufflehog_duration_sec": null,
      "trufflehog_note": "trufflehog not installed"
    },
    {
      "repo": "https://github.com/tiangolo/fastapi.git",
      "files": 2391,
      "if_detections": 662,
      "if_duration_sec": 4.676,
      "trufflehog_detections": null,
      "trufflehog_duration_sec": null,
      "trufflehog_note": "trufflehog not installed"
    },
    {
      "repo": "https://github.com/tqdm/tqdm.git",
      "files": 105,
      "if_detections": 5,
      "if_duration_sec": 0.138,
      "trufflehog_detections": null,
      "trufflehog_duration_sec": null,
      "trufflehog_note": "trufflehog not installed"
    },
    {
      "repo": "https://github.com/encode/starlette.git",
      "files": 121,
      "if_detections": 48,
      "if_duration_sec": 0.25,
      "trufflehog_detections": null,
      "trufflehog_duration_sec": null,
      "trufflehog_note": "trufflehog not installed"
    }
  ]
}
